\BOOKMARK [1][-]{section.1}{Introduction}{}% 1
\BOOKMARK [2][-]{subsection.1.1}{Historical background}{section.1}% 2
\BOOKMARK [2][-]{subsection.1.2}{Real-world applications}{section.1}% 3
\BOOKMARK [1][-]{section.2}{Lambda calculus}{}% 4
\BOOKMARK [2][-]{subsection.2.1}{Pure lambda calculus}{section.2}% 5
\BOOKMARK [3][-]{subsubsection.2.1.1}{Term syntax}{subsection.2.1}% 6
\BOOKMARK [3][-]{subsubsection.2.1.2}{Syntactic conventions}{subsection.2.1}% 7
\BOOKMARK [3][-]{subsubsection.2.1.3}{Variable binding and substitution}{subsection.2.1}% 8
\BOOKMARK [3][-]{subsubsection.2.1.4}{Operations}{subsection.2.1}% 9
\BOOKMARK [3][-]{subsubsection.2.1.5}{Reduction strategies}{subsection.2.1}% 10
\BOOKMARK [3][-]{subsubsection.2.1.6}{Church encoding}{subsection.2.1}% 11
\BOOKMARK [3][-]{subsubsection.2.1.7}{Recursion}{subsection.2.1}% 12
\BOOKMARK [3][-]{subsubsection.2.1.8}{Implemented extensions and syntactic sugar}{subsection.2.1}% 13
\BOOKMARK [2][-]{subsection.2.2}{Typed lambda calculi}{section.2}% 14
\BOOKMARK [3][-]{subsubsection.2.2.1}{Simply typed lambda calculus}{subsection.2.2}% 15
\BOOKMARK [3][-]{subsubsection.2.2.2}{Hindley-Milner type system}{subsection.2.2}% 16
\BOOKMARK [1][-]{section.3}{Evaluator}{}% 17
\BOOKMARK [2][-]{subsection.3.1}{Features and the corresponding user interfaces}{section.3}% 18
\BOOKMARK [3][-]{subsubsection.3.1.1}{User's input}{subsection.3.1}% 19
\BOOKMARK [3][-]{subsubsection.3.1.2}{Evaluation}{subsection.3.1}% 20
\BOOKMARK [3][-]{subsubsection.3.1.3}{Alias management}{subsection.3.1}% 21
\BOOKMARK [3][-]{subsubsection.3.1.4}{Display settings}{subsection.3.1}% 22
\BOOKMARK [3][-]{subsubsection.3.1.5}{Help page}{subsection.3.1}% 23
\BOOKMARK [3][-]{subsubsection.3.1.6}{Import and export}{subsection.3.1}% 24
\BOOKMARK [2][-]{subsection.3.2}{Comparison with existing solutions}{section.3}% 25
\BOOKMARK [1][-]{section.4}{Implementation}{}% 26
\BOOKMARK [2][-]{subsection.4.1}{Structure}{section.4}% 27
\BOOKMARK [2][-]{subsection.4.2}{Operation}{section.4}% 28
\BOOKMARK [2][-]{subsection.4.3}{Compatibility and performance}{section.4}% 29
\BOOKMARK [1][-]{section.5}{Conclusion}{}% 30
\BOOKMARK [1][-]{appendix.A}{Predefined constants and aliases}{}% 31
\BOOKMARK [1][-]{appendix.B}{Input examples}{}% 32
\BOOKMARK [1][-]{appendix.C}{Attached files}{}% 33
