\BOOKMARK [0][-]{chapter.1}{Introduction}{}% 1
\BOOKMARK [1][-]{section.1.1}{Historical background}{chapter.1}% 2
\BOOKMARK [1][-]{section.1.2}{Real-world applications}{chapter.1}% 3
\BOOKMARK [0][-]{chapter.2}{Lambda calculus}{}% 4
\BOOKMARK [1][-]{section.2.1}{Pure lambda calculus}{chapter.2}% 5
\BOOKMARK [2][-]{subsection.2.1.1}{Term syntax}{section.2.1}% 6
\BOOKMARK [2][-]{subsection.2.1.2}{Syntactic conventions}{section.2.1}% 7
\BOOKMARK [2][-]{subsection.2.1.3}{Variable binding and substitution}{section.2.1}% 8
\BOOKMARK [2][-]{subsection.2.1.4}{Reductions}{section.2.1}% 9
\BOOKMARK [2][-]{subsection.2.1.5}{Reduction strategies}{section.2.1}% 10
\BOOKMARK [2][-]{subsection.2.1.6}{Church encoding}{section.2.1}% 11
\BOOKMARK [2][-]{subsection.2.1.7}{Recursion}{section.2.1}% 12
\BOOKMARK [2][-]{subsection.2.1.8}{Implemented extensions and syntactic sugar}{section.2.1}% 13
\BOOKMARK [1][-]{section.2.2}{Typed lambda calculi}{chapter.2}% 14
\BOOKMARK [2][-]{subsection.2.2.1}{Simply typed lambda calculus}{section.2.2}% 15
\BOOKMARK [2][-]{subsection.2.2.2}{Hindley-Milner type system}{section.2.2}% 16
\BOOKMARK [0][-]{chapter.3}{Evaluator}{}% 17
\BOOKMARK [1][-]{section.3.1}{Features and the corresponding user interfaces}{chapter.3}% 18
\BOOKMARK [2][-]{subsection.3.1.1}{User's input}{section.3.1}% 19
\BOOKMARK [2][-]{subsection.3.1.2}{Evaluation}{section.3.1}% 20
\BOOKMARK [2][-]{subsection.3.1.3}{Alias management}{section.3.1}% 21
\BOOKMARK [2][-]{subsection.3.1.4}{Display settings}{section.3.1}% 22
\BOOKMARK [2][-]{subsection.3.1.5}{Help page}{section.3.1}% 23
\BOOKMARK [2][-]{subsection.3.1.6}{Import and export}{section.3.1}% 24
\BOOKMARK [1][-]{section.3.2}{Comparison with existing solutions}{chapter.3}% 25
\BOOKMARK [0][-]{chapter.4}{Implementation}{}% 26
\BOOKMARK [1][-]{section.4.1}{Operation}{chapter.4}% 27
\BOOKMARK [1][-]{section.4.2}{Structure}{chapter.4}% 28
\BOOKMARK [1][-]{section.4.3}{Compatibility and performance}{chapter.4}% 29
\BOOKMARK [0][-]{chapter.5}{Conclusion}{}% 30
\BOOKMARK [0][-]{appendix.A}{Predefined constants and aliases}{}% 31
\BOOKMARK [0][-]{appendix.B}{Input examples}{}% 32
\BOOKMARK [0][-]{appendix.C}{Attached files}{}% 33
