
(xreader:10159): Gdk-CRITICAL **: gdk_window_get_origin: assertion 'GDK_IS_WINDOW (window)' failed
Using PPAPI flash.
--disable-new-tab-first-run --enable-user-scripts --ppapi-flash-path=/usr/lib/adobe-flashplugin/libpepflashplayer.so --ppapi-flash-version=
[18359:18403:0406/152145.627100:ERROR:browser_gpu_channel_host_factory.cc(108)] Failed to launch GPU process.
Created new window in existing browser session.
Using PPAPI flash.
--disable-new-tab-first-run --enable-user-scripts --ppapi-flash-path=/usr/lib/adobe-flashplugin/libpepflashplayer.so --ppapi-flash-version=
[18899:18943:0406/152916.832710:ERROR:browser_gpu_channel_host_factory.cc(108)] Failed to launch GPU process.
Created new window in existing browser session.
Using PPAPI flash.
--disable-new-tab-first-run --enable-user-scripts --ppapi-flash-path=/usr/lib/adobe-flashplugin/libpepflashplayer.so --ppapi-flash-version=
[19281:19325:0406/153251.613324:ERROR:browser_gpu_channel_host_factory.cc(108)] Failed to launch GPU process.
Created new window in existing browser session.
Using PPAPI flash.
--disable-new-tab-first-run --enable-user-scripts --ppapi-flash-path=/usr/lib/adobe-flashplugin/libpepflashplayer.so --ppapi-flash-version=
[19824:19868:0406/153937.099073:ERROR:browser_gpu_channel_host_factory.cc(108)] Failed to launch GPU process.
Created new window in existing browser session.
Using PPAPI flash.
--disable-new-tab-first-run --enable-user-scripts --ppapi-flash-path=/usr/lib/adobe-flashplugin/libpepflashplayer.so --ppapi-flash-version=
[20415:20459:0406/154504.406340:ERROR:browser_gpu_channel_host_factory.cc(108)] Failed to launch GPU process.
Created new window in existing browser session.
Using PPAPI flash.
--disable-new-tab-first-run --enable-user-scripts --ppapi-flash-path=/usr/lib/adobe-flashplugin/libpepflashplayer.so --ppapi-flash-version=
[20860:20904:0406/154927.054325:ERROR:browser_gpu_channel_host_factory.cc(108)] Failed to launch GPU process.
Created new window in existing browser session.

(xreader:10159): XreaderView-CRITICAL **: ev_page_cache_get_annot_mapping: assertion 'page >= 0 && page < cache->n_pages' failed
Using PPAPI flash.
--disable-new-tab-first-run --enable-user-scripts --ppapi-flash-path=/usr/lib/adobe-flashplugin/libpepflashplayer.so --ppapi-flash-version=
[25256:25300:0406/165617.621087:ERROR:browser_gpu_channel_host_factory.cc(108)] Failed to launch GPU process.
Created new window in existing browser session.
Using PPAPI flash.
--disable-new-tab-first-run --enable-user-scripts --ppapi-flash-path=/usr/lib/adobe-flashplugin/libpepflashplayer.so --ppapi-flash-version=
[25901:25944:0406/170400.400700:ERROR:browser_gpu_channel_host_factory.cc(108)] Failed to launch GPU process.
Created new window in existing browser session.
Using PPAPI flash.
--disable-new-tab-first-run --enable-user-scripts --ppapi-flash-path=/usr/lib/adobe-flashplugin/libpepflashplayer.so --ppapi-flash-version=
[29167:29210:0406/175428.970537:ERROR:browser_gpu_channel_host_factory.cc(108)] Failed to launch GPU process.
Created new window in existing browser session.

(xreader:7765): Gdk-CRITICAL **: gdk_window_get_origin: assertion 'GDK_IS_WINDOW (window)' failed
Using PPAPI flash.
--disable-new-tab-first-run --enable-user-scripts --ppapi-flash-path=/usr/lib/adobe-flashplugin/libpepflashplayer.so --ppapi-flash-version=
[8982:9025:0406/205357.402553:ERROR:browser_gpu_channel_host_factory.cc(108)] Failed to launch GPU process.
Created new window in existing browser session.

(xreader:30643): Gdk-CRITICAL **: gdk_window_get_origin: assertion 'GDK_IS_WINDOW (window)' failed

(xreader:30643): XreaderView-CRITICAL **: ev_page_cache_get_annot_mapping: assertion 'page >= 0 && page < cache->n_pages' failed

** (xreader:30643): WARNING **: Error setting file metadata: No such file or directory

** (xreader:30643): WARNING **: Error setting file metadata: No such file or directory

** (xreader:30643): WARNING **: Error setting file metadata: No such file or directory

** (xreader:30643): WARNING **: Error setting file metadata: No such file or directory
Using PPAPI flash.
--disable-new-tab-first-run --enable-user-scripts --ppapi-flash-path=/usr/lib/adobe-flashplugin/libpepflashplayer.so --ppapi-flash-version=
[7054:7110:0408/140358.186506:ERROR:browser_gpu_channel_host_factory.cc(108)] Failed to launch GPU process.
Created new window in existing browser session.

** (xreader:30643): WARNING **: Error setting file metadata: No such file or directory

(xreader:30643): XreaderView-CRITICAL **: ev_page_cache_get_annot_mapping: assertion 'page >= 0 && page < cache->n_pages' failed

(xreader:30643): XreaderView-CRITICAL **: ev_page_cache_get_annot_mapping: assertion 'page >= 0 && page < cache->n_pages' failed

(xreader:30643): XreaderView-CRITICAL **: ev_page_cache_get_annot_mapping: assertion 'page >= 0 && page < cache->n_pages' failed

(xreader:30643): XreaderView-CRITICAL **: ev_page_cache_get_annot_mapping: assertion 'page >= 0 && page < cache->n_pages' failed

** (xreader:30643): WARNING **: Error setting file metadata: No such file or directory

** (xreader:30643): WARNING **: Error setting file metadata: No such file or directory

** (xreader:30643): WARNING **: Error setting file metadata: No such file or directory

** (xreader:30643): WARNING **: Error setting file metadata: No such file or directory

** (xreader:30643): WARNING **: Error setting file metadata: No such file or directory

** (xreader:30643): WARNING **: Error setting file metadata: No such file or directory

** (xreader:30643): WARNING **: Error setting file metadata: No such file or directory

** (xreader:30643): WARNING **: Error setting file metadata: No such file or directory

** (xreader:30643): WARNING **: Error setting file metadata: No such file or directory

** (xreader:30643): WARNING **: Error setting file metadata: No such file or directory

** (xreader:30643): WARNING **: Error setting file metadata: No such file or directory

** (xreader:30643): WARNING **: Error setting file metadata: No such file or directory

** (xreader:30643): WARNING **: Error setting file metadata: No such file or directory

** (xreader:30643): WARNING **: Error setting file metadata: No such file or directory

** (xreader:30643): WARNING **: Error setting file metadata: No such file or directory

** (xreader:30643): WARNING **: Error setting file metadata: No such file or directory

** (xreader:30643): WARNING **: Error setting file metadata: No such file or directory

** (xreader:30643): WARNING **: Error setting file metadata: No such file or directory

** (xreader:30643): WARNING **: Error setting file metadata: No such file or directory

** (xreader:30643): WARNING **: Error setting file metadata: No such file or directory

** (xreader:30643): WARNING **: Error setting file metadata: No such file or directory

** (xreader:30643): WARNING **: Error setting file metadata: No such file or directory

** (xreader:30643): WARNING **: Error setting file metadata: No such file or directory

** (xreader:30643): WARNING **: Error setting file metadata: No such file or directory

** (xreader:30643): WARNING **: Error setting file metadata: No such file or directory

** (xreader:30643): WARNING **: Error setting file metadata: No such file or directory

** (xreader:30643): WARNING **: Error setting file metadata: No such file or directory

** (xreader:30643): WARNING **: Error setting file metadata: No such file or directory

** (xreader:30643): WARNING **: Error setting file metadata: No such file or directory

** (xreader:30643): WARNING **: Error setting file metadata: No such file or directory

** (xreader:30643): WARNING **: Error setting file metadata: No such file or directory

** (xreader:30643): WARNING **: Error setting file metadata: No such file or directory

** (xreader:30643): WARNING **: Error setting file metadata: No such file or directory

** (xreader:30643): WARNING **: Error setting file metadata: No such file or directory

** (xreader:30643): WARNING **: Error setting file metadata: No such file or directory

** (xreader:30643): WARNING **: Error setting file metadata: No such file or directory

** (xreader:30643): WARNING **: Error setting file metadata: No such file or directory

** (xreader:30643): WARNING **: Error setting file metadata: No such file or directory

** (xreader:30643): WARNING **: Error setting file metadata: No such file or directory

** (xreader:30643): WARNING **: Error setting file metadata: No such file or directory

** (xreader:30643): WARNING **: Error setting file metadata: No such file or directory

** (xreader:30643): WARNING **: Error setting file metadata: No such file or directory

** (xreader:30643): WARNING **: Error setting file metadata: No such file or directory

** (xreader:30643): WARNING **: Error setting file metadata: No such file or directory

** (xreader:30643): WARNING **: Error setting file metadata: No such file or directory

** (xreader:30643): WARNING **: Error setting file metadata: No such file or directory

** (xreader:30643): WARNING **: Error setting file metadata: No such file or directory

** (xreader:30643): WARNING **: Error setting file metadata: No such file or directory

** (xreader:30643): WARNING **: Error setting file metadata: No such file or directory

** (xreader:30643): WARNING **: Error setting file metadata: No such file or directory

** (xreader:30643): WARNING **: Error setting file metadata: No such file or directory

** (xreader:30643): WARNING **: Error setting file metadata: No such file or directory

** (xreader:30643): WARNING **: Error setting file metadata: No such file or directory

** (xreader:30643): WARNING **: Error setting file metadata: No such file or directory

** (xreader:30643): WARNING **: Error setting file metadata: No such file or directory

** (xreader:30643): WARNING **: Error setting file metadata: No such file or directory

** (xreader:30643): WARNING **: Error setting file metadata: No such file or directory

** (xreader:30643): WARNING **: Error setting file metadata: No such file or directory

** (xreader:30643): WARNING **: Error setting file metadata: No such file or directory

** (xreader:30643): WARNING **: Error setting file metadata: No such file or directory

** (xreader:30643): WARNING **: Error setting file metadata: No such file or directory

** (xreader:30643): WARNING **: Error setting file metadata: No such file or directory

** (xreader:30643): WARNING **: Error setting file metadata: No such file or directory

** (xreader:30643): WARNING **: Error setting file metadata: No such file or directory

** (xreader:30643): WARNING **: Error setting file metadata: No such file or directory

** (xreader:30643): WARNING **: Error setting file metadata: No such file or directory

** (xreader:30643): WARNING **: Error setting file metadata: No such file or directory

** (xreader:30643): WARNING **: Error setting file metadata: No such file or directory

** (xreader:30643): WARNING **: Error setting file metadata: No such file or directory

** (xreader:30643): WARNING **: Error setting file metadata: No such file or directory

** (xreader:30643): WARNING **: Error setting file metadata: No such file or directory

** (xreader:30643): WARNING **: Error setting file metadata: No such file or directory

** (xreader:30643): WARNING **: Error setting file metadata: No such file or directory

** (xreader:30643): WARNING **: Error setting file metadata: No such file or directory

** (xreader:30643): WARNING **: Error setting file metadata: No such file or directory

** (xreader:30643): WARNING **: Error setting file metadata: No such file or directory

** (xreader:30643): WARNING **: Error setting file metadata: No such file or directory

** (xreader:30643): WARNING **: Error setting file metadata: No such file or directory

** (xreader:30643): WARNING **: Error setting file metadata: No such file or directory

** (xreader:30643): WARNING **: Error setting file metadata: No such file or directory

** (xreader:30643): WARNING **: Error setting file metadata: No such file or directory

** (xreader:30643): WARNING **: Error setting file metadata: No such file or directory

** (xreader:30643): WARNING **: Error setting file metadata: No such file or directory

** (xreader:30643): WARNING **: Error setting file metadata: No such file or directory

** (xreader:30643): WARNING **: Error setting file metadata: No such file or directory

** (xreader:30643): WARNING **: Error setting file metadata: No such file or directory

** (xreader:30643): WARNING **: Error setting file metadata: No such file or directory

** (xreader:30643): WARNING **: Error setting file metadata: No such file or directory

** (xreader:30643): WARNING **: Error setting file metadata: No such file or directory

** (xreader:30643): WARNING **: Error setting file metadata: No such file or directory

** (xreader:30643): WARNING **: Error setting file metadata: No such file or directory

** (xreader:30643): WARNING **: Error setting file metadata: No such file or directory

** (xreader:30643): WARNING **: Error setting file metadata: No such file or directory

** (xreader:30643): WARNING **: Error setting file metadata: No such file or directory

** (xreader:30643): WARNING **: Error setting file metadata: No such file or directory

** (xreader:30643): WARNING **: Error setting file metadata: No such file or directory

** (xreader:30643): WARNING **: Error setting file metadata: No such file or directory

** (xreader:30643): WARNING **: Error setting file metadata: No such file or directory

** (xreader:30643): WARNING **: Error setting file metadata: No such file or directory

** (xreader:30643): WARNING **: Error setting file metadata: No such file or directory

** (xreader:30643): WARNING **: Error setting file metadata: No such file or directory

** (xreader:30643): WARNING **: Error setting file metadata: No such file or directory
Using PPAPI flash.
--disable-new-tab-first-run --enable-user-scripts --ppapi-flash-path=/usr/lib/adobe-flashplugin/libpepflashplayer.so --ppapi-flash-version=
[6707:6777:0417/035049.092119:ERROR:address_tracker_linux.cc(155)] Could not create NETLINK socket: Permission denied (13)
[6831:6831:0417/035052.556701:ERROR:broker_posix.cc(43)] Invalid node channel message

(evince:6061): GLib-GObject-WARNING **: invalid unclassed pointer in cast to 'GtkWidget'

(evince:6061): Gtk-CRITICAL **: gtk_widget_set_sensitive: assertion 'GTK_IS_WIDGET (widget)' failed

(evince:6061): GLib-GObject-WARNING **: invalid (NULL) pointer instance

(evince:6061): GLib-GObject-CRITICAL **: g_signal_connect_data: assertion 'G_TYPE_CHECK_INSTANCE (instance)' failed

(evince:6061): EvinceView-CRITICAL **: ev_document_model_get_page: assertion 'EV_IS_DOCUMENT_MODEL (model)' failed

(evince:6061): GLib-GObject-WARNING **: invalid unclassed pointer in cast to 'GtkEntry'

(evince:6061): Gtk-CRITICAL **: gtk_entry_set_text: assertion 'GTK_IS_ENTRY (entry)' failed

(evince:6061): GLib-GObject-WARNING **: invalid unclassed pointer in cast to 'GtkEntry'

(evince:6061): Gtk-CRITICAL **: gtk_entry_get_text: assertion 'GTK_IS_ENTRY (entry)' failed

(evince:6061): GLib-GObject-WARNING **: invalid unclassed pointer in cast to 'GtkEntry'

(evince:6061): Gtk-CRITICAL **: gtk_entry_set_text: assertion 'GTK_IS_ENTRY (entry)' failed

(evince:6061): GLib-GObject-WARNING **: invalid unclassed pointer in cast to 'GtkEntry'

(evince:6061): Gtk-CRITICAL **: gtk_entry_set_width_chars: assertion 'GTK_IS_ENTRY (entry)' failed

(evince:6061): GLib-GObject-WARNING **: invalid unclassed pointer in cast to 'GtkEntry'

(evince:6061): Gtk-CRITICAL **: gtk_entry_set_width_chars: assertion 'GTK_IS_ENTRY (entry)' failed

(evince:6061): GLib-GObject-WARNING **: invalid unclassed pointer in cast to 'GtkWidget'

(evince:6061): Gtk-CRITICAL **: gtk_widget_set_sensitive: assertion 'GTK_IS_WIDGET (widget)' failed

(evince:6061): GLib-GObject-WARNING **: invalid (NULL) pointer instance

(evince:6061): GLib-GObject-CRITICAL **: g_signal_connect_data: assertion 'G_TYPE_CHECK_INSTANCE (instance)' failed

(evince:6061): EvinceView-CRITICAL **: ev_document_model_get_page: assertion 'EV_IS_DOCUMENT_MODEL (model)' failed

(evince:6061): GLib-GObject-WARNING **: invalid unclassed pointer in cast to 'GtkEntry'

(evince:6061): Gtk-CRITICAL **: gtk_entry_set_text: assertion 'GTK_IS_ENTRY (entry)' failed

(evince:6061): GLib-GObject-WARNING **: invalid unclassed pointer in cast to 'GtkEntry'

(evince:6061): Gtk-CRITICAL **: gtk_entry_get_text: assertion 'GTK_IS_ENTRY (entry)' failed

(evince:6061): GLib-GObject-WARNING **: invalid unclassed pointer in cast to 'GtkEntry'

(evince:6061): Gtk-CRITICAL **: gtk_entry_set_text: assertion 'GTK_IS_ENTRY (entry)' failed

(evince:6061): GLib-GObject-WARNING **: invalid unclassed pointer in cast to 'GtkEntry'

(evince:6061): Gtk-CRITICAL **: gtk_entry_set_width_chars: assertion 'GTK_IS_ENTRY (entry)' failed

(evince:6061): GLib-GObject-WARNING **: invalid unclassed pointer in cast to 'GtkEntry'

(evince:6061): Gtk-CRITICAL **: gtk_entry_set_width_chars: assertion 'GTK_IS_ENTRY (entry)' failed

(evince:6061): GLib-GObject-WARNING **: invalid unclassed pointer in cast to 'GtkWidget'

(evince:6061): Gtk-CRITICAL **: gtk_widget_set_sensitive: assertion 'GTK_IS_WIDGET (widget)' failed

(evince:6061): GLib-GObject-WARNING **: invalid (NULL) pointer instance

(evince:6061): GLib-GObject-CRITICAL **: g_signal_handler_disconnect: assertion 'G_TYPE_CHECK_INSTANCE (instance)' failed

(evince:6061): GLib-GObject-WARNING **: invalid (NULL) pointer instance

(evince:6061): GLib-GObject-CRITICAL **: g_signal_connect_data: assertion 'G_TYPE_CHECK_INSTANCE (instance)' failed

(evince:6061): EvinceView-CRITICAL **: ev_document_model_get_page: assertion 'EV_IS_DOCUMENT_MODEL (model)' failed

** (xreader:17368): WARNING **: Couldn't connect to accessibility bus: Failed to connect to socket /tmp/dbus-rBJLbLcgDl: Connection refused

** (WebKitWebProcess:17396): WARNING **: Couldn't connect to accessibility bus: Failed to connect to socket /tmp/dbus-rBJLbLcgDl: Connection refused

(xreader:17368): Gdk-CRITICAL **: gdk_window_get_origin: assertion 'GDK_IS_WINDOW (window)' failed

** (xreader:9235): WARNING **: Couldn't connect to accessibility bus: Failed to connect to socket /tmp/dbus-rBJLbLcgDl: Connection refused

** (WebKitWebProcess:9273): WARNING **: Couldn't connect to accessibility bus: Failed to connect to socket /tmp/dbus-rBJLbLcgDl: Connection refused

(xreader:9235): Gdk-CRITICAL **: gdk_window_get_origin: assertion 'GDK_IS_WINDOW (window)' failed
Using PPAPI flash.
--disable-new-tab-first-run --enable-user-scripts --ppapi-flash-path=/usr/lib/adobe-flashplugin/libpepflashplayer.so --ppapi-flash-version=
[23832:23911:0425/123140.463806:ERROR:browser_gpu_channel_host_factory.cc(108)] Failed to launch GPU process.
Created new window in existing browser session.
Using PPAPI flash.
--disable-new-tab-first-run --enable-user-scripts --ppapi-flash-path=/usr/lib/adobe-flashplugin/libpepflashplayer.so --ppapi-flash-version=
[24105:24148:0425/123151.018795:ERROR:browser_gpu_channel_host_factory.cc(108)] Failed to launch GPU process.
Created new window in existing browser session.

** (xreader:9235): WARNING **: Error setting file metadata: No such file or directory

** (xreader:9235): WARNING **: Error setting file metadata: No such file or directory

** (xreader:9235): WARNING **: Error setting file metadata: No such file or directory

** (xreader:9235): WARNING **: Error setting file metadata: No such file or directory

** (xreader:9235): WARNING **: Error setting file metadata: No such file or directory

** (xreader:9235): WARNING **: Error setting file metadata: No such file or directory

** (xreader:9235): WARNING **: Error setting file metadata: No such file or directory

** (xreader:9235): WARNING **: Error setting file metadata: No such file or directory

** (xreader:9235): WARNING **: Error setting file metadata: No such file or directory

** (xreader:9235): WARNING **: Error setting file metadata: No such file or directory

** (xreader:9235): WARNING **: Error setting file metadata: No such file or directory

** (xreader:9235): WARNING **: Error setting file metadata: No such file or directory

** (xreader:9235): WARNING **: Error setting file metadata: No such file or directory

** (xreader:9235): WARNING **: Error setting file metadata: No such file or directory

** (xreader:9235): WARNING **: Error setting file metadata: No such file or directory

** (xreader:9235): WARNING **: Error setting file metadata: No such file or directory

** (xreader:9235): WARNING **: Error setting file metadata: No such file or directory

** (xreader:9235): WARNING **: Error setting file metadata: No such file or directory

** (xreader:9235): WARNING **: Error setting file metadata: No such file or directory

** (xreader:9235): WARNING **: Error setting file metadata: No such file or directory

** (xreader:9235): WARNING **: Error setting file metadata: No such file or directory

** (xreader:9235): WARNING **: Error setting file metadata: No such file or directory

** (xreader:9235): WARNING **: Error setting file metadata: No such file or directory

** (xreader:9235): WARNING **: Error setting file metadata: No such file or directory

** (xreader:9235): WARNING **: Error setting file metadata: No such file or directory

** (xreader:9235): WARNING **: Error setting file metadata: No such file or directory

** (xreader:9235): WARNING **: Error setting file metadata: No such file or directory

** (xreader:9235): WARNING **: Error setting file metadata: No such file or directory

** (xreader:9235): WARNING **: Error setting file metadata: No such file or directory

** (xreader:9235): WARNING **: Error setting file metadata: No such file or directory

** (xreader:9235): WARNING **: Error setting file metadata: No such file or directory

** (xreader:9235): WARNING **: Error setting file metadata: No such file or directory

** (xreader:9235): WARNING **: Error setting file metadata: No such file or directory

** (xreader:9235): WARNING **: Error setting file metadata: No such file or directory

** (xreader:9235): WARNING **: Error setting file metadata: No such file or directory

** (xreader:9235): WARNING **: Error setting file metadata: No such file or directory

** (xreader:9235): WARNING **: Error setting file metadata: No such file or directory

** (xreader:9235): WARNING **: Error setting file metadata: No such file or directory

** (xreader:9235): WARNING **: Error setting file metadata: No such file or directory

** (xreader:9235): WARNING **: Error setting file metadata: No such file or directory

** (xreader:9235): WARNING **: Error setting file metadata: No such file or directory

** (xreader:9235): WARNING **: Error setting file metadata: No such file or directory

** (xreader:9235): WARNING **: Error setting file metadata: No such file or directory

** (xreader:9235): WARNING **: Error setting file metadata: No such file or directory

** (xreader:9235): WARNING **: Error setting file metadata: No such file or directory

** (xreader:9235): WARNING **: Error setting file metadata: No such file or directory

** (xreader:9235): WARNING **: Error setting file metadata: No such file or directory

** (xreader:9235): WARNING **: Error setting file metadata: No such file or directory

** (xreader:9235): WARNING **: Error setting file metadata: No such file or directory

** (xreader:9235): WARNING **: Error setting file metadata: No such file or directory

** (xreader:9235): WARNING **: Error setting file metadata: No such file or directory

** (xreader:9235): WARNING **: Error setting file metadata: No such file or directory

** (xreader:9235): WARNING **: Error setting file metadata: No such file or directory

** (xreader:9235): WARNING **: Error setting file metadata: No such file or directory

** (xreader:9235): WARNING **: Error setting file metadata: No such file or directory

** (xreader:9235): WARNING **: Error setting file metadata: No such file or directory

** (xreader:9235): WARNING **: Error setting file metadata: No such file or directory

** (xreader:9235): WARNING **: Error setting file metadata: No such file or directory

** (xreader:9235): WARNING **: Error setting file metadata: No such file or directory

** (xreader:9235): WARNING **: Error setting file metadata: No such file or directory

** (xreader:9235): WARNING **: Error setting file metadata: No such file or directory

** (xreader:9235): WARNING **: Error setting file metadata: No such file or directory

** (xreader:9235): WARNING **: Error setting file metadata: No such file or directory

** (xreader:9235): WARNING **: Error setting file metadata: No such file or directory

** (xreader:9235): WARNING **: Error setting file metadata: No such file or directory

** (xreader:9235): WARNING **: Error setting file metadata: No such file or directory

** (xreader:9235): WARNING **: Error setting file metadata: No such file or directory

** (xreader:9235): WARNING **: Error setting file metadata: No such file or directory

** (xreader:9235): WARNING **: Error setting file metadata: No such file or directory

** (xreader:9235): WARNING **: Error setting file metadata: No such file or directory

** (xreader:9235): WARNING **: Error setting file metadata: No such file or directory

** (xreader:9235): WARNING **: Error setting file metadata: No such file or directory

** (xreader:9235): WARNING **: Error setting file metadata: No such file or directory

** (xreader:9235): WARNING **: Error setting file metadata: No such file or directory

** (xreader:9235): WARNING **: Error setting file metadata: No such file or directory

** (xreader:9235): WARNING **: Error setting file metadata: No such file or directory

** (xreader:9235): WARNING **: Error setting file metadata: No such file or directory

** (xreader:9235): WARNING **: Error setting file metadata: No such file or directory

** (xreader:9235): WARNING **: Error setting file metadata: No such file or directory

** (xreader:9235): WARNING **: Error setting file metadata: No such file or directory

** (xreader:9235): WARNING **: Error setting file metadata: No such file or directory

** (xreader:9235): WARNING **: Error setting file metadata: No such file or directory

** (xreader:9235): WARNING **: Error setting file metadata: No such file or directory

** (xreader:9235): WARNING **: Error setting file metadata: No such file or directory

** (xreader:9235): WARNING **: Error setting file metadata: No such file or directory

** (xreader:9235): WARNING **: Error setting file metadata: No such file or directory

** (xreader:9235): WARNING **: Error setting file metadata: No such file or directory

** (xreader:9235): WARNING **: Error setting file metadata: No such file or directory

** (xreader:9235): WARNING **: Error setting file metadata: No such file or directory

** (xreader:9235): WARNING **: Error setting file metadata: No such file or directory

** (xreader:9235): WARNING **: Error setting file metadata: No such file or directory

** (xreader:9235): WARNING **: Error setting file metadata: No such file or directory

** (xreader:9235): WARNING **: Error setting file metadata: No such file or directory

** (xreader:9235): WARNING **: Error setting file metadata: No such file or directory

** (xreader:9235): WARNING **: Error setting file metadata: No such file or directory

** (xreader:9235): WARNING **: Error setting file metadata: No such file or directory

** (xreader:9235): WARNING **: Error setting file metadata: No such file or directory

** (xreader:9235): WARNING **: Error setting file metadata: No such file or directory

** (xreader:9235): WARNING **: Error setting file metadata: No such file or directory

** (xreader:9235): WARNING **: Error setting file metadata: No such file or directory

** (xreader:9235): WARNING **: Error setting file metadata: No such file or directory

** (xreader:9235): WARNING **: Error setting file metadata: No such file or directory

** (xreader:9235): WARNING **: Error setting file metadata: No such file or directory

** (xreader:9235): WARNING **: Error setting file metadata: No such file or directory

** (xreader:9235): WARNING **: Error setting file metadata: No such file or directory

** (xreader:9235): WARNING **: Error setting file metadata: No such file or directory

** (xreader:9235): WARNING **: Error setting file metadata: No such file or directory
Using PPAPI flash.
--disable-new-tab-first-run --enable-user-scripts --ppapi-flash-path=/usr/lib/adobe-flashplugin/libpepflashplayer.so --ppapi-flash-version=
[3201:3288:0426/024459.875745:ERROR:browser_gpu_channel_host_factory.cc(108)] Failed to launch GPU process.
Created new window in existing browser session.
Using PPAPI flash.
--disable-new-tab-first-run --enable-user-scripts --ppapi-flash-path=/usr/lib/adobe-flashplugin/libpepflashplayer.so --ppapi-flash-version=
[11391:11449:0426/030053.378581:ERROR:browser_gpu_channel_host_factory.cc(108)] Failed to launch GPU process.
Created new window in existing browser session.

** (xreader:9235): WARNING **: Error setting file metadata: No such file or directory

** (xreader:9235): WARNING **: Error setting file metadata: No such file or directory

** (xreader:9235): WARNING **: Error setting file metadata: No such file or directory

** (xreader:9235): WARNING **: Error setting file metadata: No such file or directory

** (xreader:9235): WARNING **: Error setting file metadata: No such file or directory

** (xreader:9235): WARNING **: Error setting file metadata: No such file or directory

** (xreader:9235): WARNING **: Error setting file metadata: No such file or directory

** (xreader:9235): WARNING **: Error setting file metadata: No such file or directory

** (xreader:9235): WARNING **: Error setting file metadata: No such file or directory

** (xreader:9235): WARNING **: Error setting file metadata: No such file or directory

** (xreader:9235): WARNING **: Error setting file metadata: No such file or directory

** (xreader:9235): WARNING **: Error setting file metadata: No such file or directory

** (xreader:9235): WARNING **: Error setting file metadata: No such file or directory

** (xreader:9235): WARNING **: Error setting file metadata: No such file or directory

** (xreader:9235): WARNING **: Error setting file metadata: No such file or directory

** (xreader:9235): WARNING **: Error setting file metadata: No such file or directory

** (xreader:9235): WARNING **: Error setting file metadata: No such file or directory

** (xreader:9235): WARNING **: Error setting file metadata: No such file or directory

** (xreader:9235): WARNING **: Error setting file metadata: No such file or directory

** (xreader:8283): WARNING **: Couldn't connect to accessibility bus: Failed to connect to socket /tmp/dbus-7lE3qj7Flw: Connection refused

** (WebKitWebProcess:8296): WARNING **: Couldn't connect to accessibility bus: Failed to connect to socket /tmp/dbus-7lE3qj7Flw: Connection refused

(xreader:8283): Gdk-CRITICAL **: gdk_window_get_origin: assertion 'GDK_IS_WINDOW (window)' failed
Using PPAPI flash.
--disable-new-tab-first-run --enable-user-scripts --ppapi-flash-path=/usr/lib/adobe-flashplugin/libpepflashplayer.so --ppapi-flash-version=
[17448:17509:0504/230126.516751:ERROR:browser_gpu_channel_host_factory.cc(108)] Failed to launch GPU process.
Created new window in existing browser session.
